2024-08-14 18:02:36,612 WARN [HikariPool-1 housekeeper][HikariPool.java:787] - HikariPool-1 - Thread starvation or clock leap detected (housekeeper delta=4m48s260ms146µs300ns).
2024-08-14 18:02:36,617 DEBUG [main][DefaultCacheAwareContextLoaderDelegate.java:137] - Retrieved ApplicationContext [-521665648] from cache with key [[MergedContextConfiguration@7d71bbfe testClass = CourseBaseInfoServiceTests, locations = '{}', classes = '{class com.xuecheng.ContentApplication}', contextInitializerClasses = '[]', activeProfiles = '{}', propertySourceLocations = '{}', propertySourceProperties = '{org.springframework.boot.test.context.SpringBootTestContextBootstrapper=true}', contextCustomizers = set[org.springframework.boot.test.context.filter.ExcludeFilterContextCustomizer@28560119, org.springframework.boot.test.json.DuplicateJsonObjectContextCustomizerFactory$DuplicateJsonObjectContextCustomizer@865c1b93, org.springframework.boot.test.mock.mockito.MockitoContextCustomizer@0, org.springframework.boot.test.web.client.TestRestTemplateContextCustomizer@bfeebc35, org.springframework.boot.test.autoconfigure.properties.PropertyMappingContextCustomizer@0, org.springframework.boot.test.autoconfigure.web.servlet.WebDriverContextCustomizerFactory$Customizer@9baab2e1, org.springframework.boot.test.context.SpringBootTestArgs@1, org.springframework.boot.test.context.SpringBootTestWebEnvironment@cba47b6c], contextLoader = 'org.springframework.boot.test.context.SpringBootContextLoader', parent = [null]]]
2024-08-14 18:02:36,628 DEBUG [HikariPool-1 connection adder][PoolBase.java:372] - HikariPool-1 - Failed to create/setup connection: Communications link failure

The last packet sent successfully to the server was 0 milliseconds ago. The driver has not received any packets from the server.
2024-08-14 18:02:36,612 WARN [HikariPool-1 housekeeper][HikariPool.java:787] - HikariPool-1 - Thread starvation or clock leap detected (housekeeper delta=4m48s260ms146µs300ns).
2024-08-14 18:02:36,617 DEBUG [main][DefaultCacheAwareContextLoaderDelegate.java:137] - Retrieved ApplicationContext [-521665648] from cache with key [[MergedContextConfiguration@7d71bbfe testClass = CourseBaseInfoServiceTests, locations = '{}', classes = '{class com.xuecheng.ContentApplication}', contextInitializerClasses = '[]', activeProfiles = '{}', propertySourceLocations = '{}', propertySourceProperties = '{org.springframework.boot.test.context.SpringBootTestContextBootstrapper=true}', contextCustomizers = set[org.springframework.boot.test.context.filter.ExcludeFilterContextCustomizer@28560119, org.springframework.boot.test.json.DuplicateJsonObjectContextCustomizerFactory$DuplicateJsonObjectContextCustomizer@865c1b93, org.springframework.boot.test.mock.mockito.MockitoContextCustomizer@0, org.springframework.boot.test.web.client.TestRestTemplateContextCustomizer@bfeebc35, org.springframework.boot.test.autoconfigure.properties.PropertyMappingContextCustomizer@0, org.springframework.boot.test.autoconfigure.web.servlet.WebDriverContextCustomizerFactory$Customizer@9baab2e1, org.springframework.boot.test.context.SpringBootTestArgs@1, org.springframework.boot.test.context.SpringBootTestWebEnvironment@cba47b6c], contextLoader = 'org.springframework.boot.test.context.SpringBootContextLoader', parent = [null]]]
2024-08-14 18:02:36,628 DEBUG [HikariPool-1 connection adder][PoolBase.java:372] - HikariPool-1 - Failed to create/setup connection: Communications link failure

The last packet sent successfully to the server was 0 milliseconds ago. The driver has not received any packets from the server.
2024-08-14 18:02:36,646 DEBUG [HikariPool-1 housekeeper][HikariPool.java:421] - HikariPool-1 - Pool stats (total=9, active=0, idle=9, waiting=0)
2024-08-14 18:02:36,646 DEBUG [HikariPool-1 housekeeper][HikariPool.java:421] - HikariPool-1 - Pool stats (total=9, active=0, idle=9, waiting=0)
2024-08-14 18:02:36,646 DEBUG [main][DefaultContextCache.java:290] - Spring test ApplicationContext cache statistics: [DefaultContextCache@38842861 size = 1, maxSize = 32, parentContextCount = 0, hitCount = 5, missCount = 1]
2024-08-14 18:02:36,646 DEBUG [main][DefaultContextCache.java:290] - Spring test ApplicationContext cache statistics: [DefaultContextCache@38842861 size = 1, maxSize = 32, parentContextCount = 0, hitCount = 5, missCount = 1]
2024-08-14 18:02:36,653 DEBUG [main][DefaultCacheAwareContextLoaderDelegate.java:137] - Retrieved ApplicationContext [-521665648] from cache with key [[MergedContextConfiguration@7d71bbfe testClass = CourseBaseInfoServiceTests, locations = '{}', classes = '{class com.xuecheng.ContentApplication}', contextInitializerClasses = '[]', activeProfiles = '{}', propertySourceLocations = '{}', propertySourceProperties = '{org.springframework.boot.test.context.SpringBootTestContextBootstrapper=true}', contextCustomizers = set[org.springframework.boot.test.context.filter.ExcludeFilterContextCustomizer@28560119, org.springframework.boot.test.json.DuplicateJsonObjectContextCustomizerFactory$DuplicateJsonObjectContextCustomizer@865c1b93, org.springframework.boot.test.mock.mockito.MockitoContextCustomizer@0, org.springframework.boot.test.web.client.TestRestTemplateContextCustomizer@bfeebc35, org.springframework.boot.test.autoconfigure.properties.PropertyMappingContextCustomizer@0, org.springframework.boot.test.autoconfigure.web.servlet.WebDriverContextCustomizerFactory$Customizer@9baab2e1, org.springframework.boot.test.context.SpringBootTestArgs@1, org.springframework.boot.test.context.SpringBootTestWebEnvironment@cba47b6c], contextLoader = 'org.springframework.boot.test.context.SpringBootContextLoader', parent = [null]]]
2024-08-14 18:02:36,653 DEBUG [main][DefaultCacheAwareContextLoaderDelegate.java:137] - Retrieved ApplicationContext [-521665648] from cache with key [[MergedContextConfiguration@7d71bbfe testClass = CourseBaseInfoServiceTests, locations = '{}', classes = '{class com.xuecheng.ContentApplication}', contextInitializerClasses = '[]', activeProfiles = '{}', propertySourceLocations = '{}', propertySourceProperties = '{org.springframework.boot.test.context.SpringBootTestContextBootstrapper=true}', contextCustomizers = set[org.springframework.boot.test.context.filter.ExcludeFilterContextCustomizer@28560119, org.springframework.boot.test.json.DuplicateJsonObjectContextCustomizerFactory$DuplicateJsonObjectContextCustomizer@865c1b93, org.springframework.boot.test.mock.mockito.MockitoContextCustomizer@0, org.springframework.boot.test.web.client.TestRestTemplateContextCustomizer@bfeebc35, org.springframework.boot.test.autoconfigure.properties.PropertyMappingContextCustomizer@0, org.springframework.boot.test.autoconfigure.web.servlet.WebDriverContextCustomizerFactory$Customizer@9baab2e1, org.springframework.boot.test.context.SpringBootTestArgs@1, org.springframework.boot.test.context.SpringBootTestWebEnvironment@cba47b6c], contextLoader = 'org.springframework.boot.test.context.SpringBootContextLoader', parent = [null]]]
2024-08-14 18:02:36,654 DEBUG [main][DefaultContextCache.java:290] - Spring test ApplicationContext cache statistics: [DefaultContextCache@38842861 size = 1, maxSize = 32, parentContextCount = 0, hitCount = 6, missCount = 1]
2024-08-14 18:02:36,654 DEBUG [main][DefaultContextCache.java:290] - Spring test ApplicationContext cache statistics: [DefaultContextCache@38842861 size = 1, maxSize = 32, parentContextCount = 0, hitCount = 6, missCount = 1]
2024-08-14 18:02:36,659 DEBUG [main][DefaultCacheAwareContextLoaderDelegate.java:137] - Retrieved ApplicationContext [-521665648] from cache with key [[MergedContextConfiguration@7d71bbfe testClass = CourseBaseInfoServiceTests, locations = '{}', classes = '{class com.xuecheng.ContentApplication}', contextInitializerClasses = '[]', activeProfiles = '{}', propertySourceLocations = '{}', propertySourceProperties = '{org.springframework.boot.test.context.SpringBootTestContextBootstrapper=true}', contextCustomizers = set[org.springframework.boot.test.context.filter.ExcludeFilterContextCustomizer@28560119, org.springframework.boot.test.json.DuplicateJsonObjectContextCustomizerFactory$DuplicateJsonObjectContextCustomizer@865c1b93, org.springframework.boot.test.mock.mockito.MockitoContextCustomizer@0, org.springframework.boot.test.web.client.TestRestTemplateContextCustomizer@bfeebc35, org.springframework.boot.test.autoconfigure.properties.PropertyMappingContextCustomizer@0, org.springframework.boot.test.autoconfigure.web.servlet.WebDriverContextCustomizerFactory$Customizer@9baab2e1, org.springframework.boot.test.context.SpringBootTestArgs@1, org.springframework.boot.test.context.SpringBootTestWebEnvironment@cba47b6c], contextLoader = 'org.springframework.boot.test.context.SpringBootContextLoader', parent = [null]]]
2024-08-14 18:02:36,659 DEBUG [main][DefaultCacheAwareContextLoaderDelegate.java:137] - Retrieved ApplicationContext [-521665648] from cache with key [[MergedContextConfiguration@7d71bbfe testClass = CourseBaseInfoServiceTests, locations = '{}', classes = '{class com.xuecheng.ContentApplication}', contextInitializerClasses = '[]', activeProfiles = '{}', propertySourceLocations = '{}', propertySourceProperties = '{org.springframework.boot.test.context.SpringBootTestContextBootstrapper=true}', contextCustomizers = set[org.springframework.boot.test.context.filter.ExcludeFilterContextCustomizer@28560119, org.springframework.boot.test.json.DuplicateJsonObjectContextCustomizerFactory$DuplicateJsonObjectContextCustomizer@865c1b93, org.springframework.boot.test.mock.mockito.MockitoContextCustomizer@0, org.springframework.boot.test.web.client.TestRestTemplateContextCustomizer@bfeebc35, org.springframework.boot.test.autoconfigure.properties.PropertyMappingContextCustomizer@0, org.springframework.boot.test.autoconfigure.web.servlet.WebDriverContextCustomizerFactory$Customizer@9baab2e1, org.springframework.boot.test.context.SpringBootTestArgs@1, org.springframework.boot.test.context.SpringBootTestWebEnvironment@cba47b6c], contextLoader = 'org.springframework.boot.test.context.SpringBootContextLoader', parent = [null]]]
2024-08-14 18:02:36,661 DEBUG [main][DefaultContextCache.java:290] - Spring test ApplicationContext cache statistics: [DefaultContextCache@38842861 size = 1, maxSize = 32, parentContextCount = 0, hitCount = 7, missCount = 1]
2024-08-14 18:02:36,661 DEBUG [main][DefaultContextCache.java:290] - Spring test ApplicationContext cache statistics: [DefaultContextCache@38842861 size = 1, maxSize = 32, parentContextCount = 0, hitCount = 7, missCount = 1]
2024-08-14 18:02:36,646 DEBUG [HikariPool-1 connection adder][HikariPool.java:503] - HikariPool-1 - Cannot acquire connection from data source
com.mysql.cj.jdbc.exceptions.CommunicationsException: Communications link failure

The last packet sent successfully to the server was 0 milliseconds ago. The driver has not received any packets from the server.
	at com.mysql.cj.jdbc.exceptions.SQLError.createCommunicationsException(SQLError.java:174)
	at com.mysql.cj.jdbc.exceptions.SQLExceptionsMapping.translateException(SQLExceptionsMapping.java:64)
	at com.mysql.cj.jdbc.ConnectionImpl.createNewIO(ConnectionImpl.java:828)
	at com.mysql.cj.jdbc.ConnectionImpl.<init>(ConnectionImpl.java:448)
	at com.mysql.cj.jdbc.ConnectionImpl.getInstance(ConnectionImpl.java:241)
	at com.mysql.cj.jdbc.NonRegisteringDriver.connect(NonRegisteringDriver.java:198)
	at com.zaxxer.hikari.util.DriverDataSource.getConnection(DriverDataSource.java:138)
	at com.zaxxer.hikari.pool.PoolBase.newConnection(PoolBase.java:358)
	at com.zaxxer.hikari.pool.PoolBase.newPoolEntry(PoolBase.java:206)
	at com.zaxxer.hikari.pool.HikariPool.createPoolEntry(HikariPool.java:477)
	at com.zaxxer.hikari.pool.HikariPool.access$100(HikariPool.java:71)
	at com.zaxxer.hikari.pool.HikariPool$PoolEntryCreator.call(HikariPool.java:725)
	at com.zaxxer.hikari.pool.HikariPool$PoolEntryCreator.call(HikariPool.java:711)
	at java.util.concurrent.FutureTask.run$$$capture(FutureTask.java:266)
	at java.util.concurrent.FutureTask.run(FutureTask.java)
	at java.util.concurrent.ThreadPoolExecutor.runWorker(ThreadPoolExecutor.java:1149)
	at java.util.concurrent.ThreadPoolExecutor$Worker.run(ThreadPoolExecutor.java:624)
	at java.lang.Thread.run(Thread.java:826)
Caused by: com.mysql.cj.exceptions.CJCommunicationsException: Communications link failure

The last packet sent successfully to the server was 0 milliseconds ago. The driver has not received any packets from the server.
	at sun.reflect.NativeConstructorAccessorImpl.newInstance0(Native Method)
	at sun.reflect.NativeConstructorAccessorImpl.newInstance(NativeConstructorAccessorImpl.java:62)
	at sun.reflect.DelegatingConstructorAccessorImpl.newInstance(DelegatingConstructorAccessorImpl.java:45)
	at java.lang.reflect.Constructor.newInstance(Constructor.java:423)
	at com.mysql.cj.exceptions.ExceptionFactory.createException(ExceptionFactory.java:61)
	at com.mysql.cj.exceptions.ExceptionFactory.createException(ExceptionFactory.java:105)
	at com.mysql.cj.exceptions.ExceptionFactory.createException(ExceptionFactory.java:151)
	at com.mysql.cj.exceptions.ExceptionFactory.createCommunicationsException(ExceptionFactory.java:167)
	at com.mysql.cj.protocol.a.NativeSocketConnection.connect(NativeSocketConnection.java:89)
	at com.mysql.cj.NativeSession.connect(NativeSession.java:120)
	at com.mysql.cj.jdbc.ConnectionImpl.connectOneTryOnly(ConnectionImpl.java:948)
	at com.mysql.cj.jdbc.ConnectionImpl.createNewIO(ConnectionImpl.java:818)
	... 15 more
Caused by: java.net.SocketException: Connection attempt exceeded defined timeout.
	at com.mysql.cj.protocol.StandardSocketFactory.resetLoginTimeCountdown(StandardSocketFactory.java:212)
	at com.mysql.cj.protocol.StandardSocketFactory.connect(StandardSocketFactory.java:167)
	at com.mysql.cj.protocol.a.NativeSocketConnection.connect(NativeSocketConnection.java:63)
	... 18 more
2024-08-14 18:02:36,664 DEBUG [main][DefaultCacheAwareContextLoaderDelegate.java:137] - Retrieved ApplicationContext [-521665648] from cache with key [[MergedContextConfiguration@7d71bbfe testClass = CourseBaseInfoServiceTests, locations = '{}', classes = '{class com.xuecheng.ContentApplication}', contextInitializerClasses = '[]', activeProfiles = '{}', propertySourceLocations = '{}', propertySourceProperties = '{org.springframework.boot.test.context.SpringBootTestContextBootstrapper=true}', contextCustomizers = set[org.springframework.boot.test.context.filter.ExcludeFilterContextCustomizer@28560119, org.springframework.boot.test.json.DuplicateJsonObjectContextCustomizerFactory$DuplicateJsonObjectContextCustomizer@865c1b93, org.springframework.boot.test.mock.mockito.MockitoContextCustomizer@0, org.springframework.boot.test.web.client.TestRestTemplateContextCustomizer@bfeebc35, org.springframework.boot.test.autoconfigure.properties.PropertyMappingContextCustomizer@0, org.springframework.boot.test.autoconfigure.web.servlet.WebDriverContextCustomizerFactory$Customizer@9baab2e1, org.springframework.boot.test.context.SpringBootTestArgs@1, org.springframework.boot.test.context.SpringBootTestWebEnvironment@cba47b6c], contextLoader = 'org.springframework.boot.test.context.SpringBootContextLoader', parent = [null]]]
2024-08-14 18:02:36,664 DEBUG [main][DefaultCacheAwareContextLoaderDelegate.java:137] - Retrieved ApplicationContext [-521665648] from cache with key [[MergedContextConfiguration@7d71bbfe testClass = CourseBaseInfoServiceTests, locations = '{}', classes = '{class com.xuecheng.ContentApplication}', contextInitializerClasses = '[]', activeProfiles = '{}', propertySourceLocations = '{}', propertySourceProperties = '{org.springframework.boot.test.context.SpringBootTestContextBootstrapper=true}', contextCustomizers = set[org.springframework.boot.test.context.filter.ExcludeFilterContextCustomizer@28560119, org.springframework.boot.test.json.DuplicateJsonObjectContextCustomizerFactory$DuplicateJsonObjectContextCustomizer@865c1b93, org.springframework.boot.test.mock.mockito.MockitoContextCustomizer@0, org.springframework.boot.test.web.client.TestRestTemplateContextCustomizer@bfeebc35, org.springframework.boot.test.autoconfigure.properties.PropertyMappingContextCustomizer@0, org.springframework.boot.test.autoconfigure.web.servlet.WebDriverContextCustomizerFactory$Customizer@9baab2e1, org.springframework.boot.test.context.SpringBootTestArgs@1, org.springframework.boot.test.context.SpringBootTestWebEnvironment@cba47b6c], contextLoader = 'org.springframework.boot.test.context.SpringBootContextLoader', parent = [null]]]
2024-08-14 18:02:36,646 DEBUG [HikariPool-1 connection adder][HikariPool.java:503] - HikariPool-1 - Cannot acquire connection from data source
com.mysql.cj.jdbc.exceptions.CommunicationsException: Communications link failure

The last packet sent successfully to the server was 0 milliseconds ago. The driver has not received any packets from the server.
	at com.mysql.cj.jdbc.exceptions.SQLError.createCommunicationsException(SQLError.java:174)
	at com.mysql.cj.jdbc.exceptions.SQLExceptionsMapping.translateException(SQLExceptionsMapping.java:64)
	at com.mysql.cj.jdbc.ConnectionImpl.createNewIO(ConnectionImpl.java:828)
	at com.mysql.cj.jdbc.ConnectionImpl.<init>(ConnectionImpl.java:448)
	at com.mysql.cj.jdbc.ConnectionImpl.getInstance(ConnectionImpl.java:241)
	at com.mysql.cj.jdbc.NonRegisteringDriver.connect(NonRegisteringDriver.java:198)
	at com.zaxxer.hikari.util.DriverDataSource.getConnection(DriverDataSource.java:138)
	at com.zaxxer.hikari.pool.PoolBase.newConnection(PoolBase.java:358)
	at com.zaxxer.hikari.pool.PoolBase.newPoolEntry(PoolBase.java:206)
	at com.zaxxer.hikari.pool.HikariPool.createPoolEntry(HikariPool.java:477)
	at com.zaxxer.hikari.pool.HikariPool.access$100(HikariPool.java:71)
	at com.zaxxer.hikari.pool.HikariPool$PoolEntryCreator.call(HikariPool.java:725)
	at com.zaxxer.hikari.pool.HikariPool$PoolEntryCreator.call(HikariPool.java:711)
	at java.util.concurrent.FutureTask.run$$$capture(FutureTask.java:266)
	at java.util.concurrent.FutureTask.run(FutureTask.java)
	at java.util.concurrent.ThreadPoolExecutor.runWorker(ThreadPoolExecutor.java:1149)
	at java.util.concurrent.ThreadPoolExecutor$Worker.run(ThreadPoolExecutor.java:624)
	at java.lang.Thread.run(Thread.java:826)
Caused by: com.mysql.cj.exceptions.CJCommunicationsException: Communications link failure

The last packet sent successfully to the server was 0 milliseconds ago. The driver has not received any packets from the server.
	at sun.reflect.NativeConstructorAccessorImpl.newInstance0(Native Method)
	at sun.reflect.NativeConstructorAccessorImpl.newInstance(NativeConstructorAccessorImpl.java:62)
	at sun.reflect.DelegatingConstructorAccessorImpl.newInstance(DelegatingConstructorAccessorImpl.java:45)
	at java.lang.reflect.Constructor.newInstance(Constructor.java:423)
	at com.mysql.cj.exceptions.ExceptionFactory.createException(ExceptionFactory.java:61)
	at com.mysql.cj.exceptions.ExceptionFactory.createException(ExceptionFactory.java:105)
	at com.mysql.cj.exceptions.ExceptionFactory.createException(ExceptionFactory.java:151)
	at com.mysql.cj.exceptions.ExceptionFactory.createCommunicationsException(ExceptionFactory.java:167)
	at com.mysql.cj.protocol.a.NativeSocketConnection.connect(NativeSocketConnection.java:89)
	at com.mysql.cj.NativeSession.connect(NativeSession.java:120)
	at com.mysql.cj.jdbc.ConnectionImpl.connectOneTryOnly(ConnectionImpl.java:948)
	at com.mysql.cj.jdbc.ConnectionImpl.createNewIO(ConnectionImpl.java:818)
	... 15 more
Caused by: java.net.SocketException: Connection attempt exceeded defined timeout.
	at com.mysql.cj.protocol.StandardSocketFactory.resetLoginTimeCountdown(StandardSocketFactory.java:212)
	at com.mysql.cj.protocol.StandardSocketFactory.connect(StandardSocketFactory.java:167)
	at com.mysql.cj.protocol.a.NativeSocketConnection.connect(NativeSocketConnection.java:63)
	... 18 more
2024-08-14 18:02:36,665 DEBUG [main][DefaultContextCache.java:290] - Spring test ApplicationContext cache statistics: [DefaultContextCache@38842861 size = 1, maxSize = 32, parentContextCount = 0, hitCount = 8, missCount = 1]
2024-08-14 18:02:36,665 DEBUG [HikariPool-1 connection adder][HikariPool.java:736] - HikariPool-1 - Connection add failed, sleeping with backoff: 250ms
2024-08-14 18:02:36,665 DEBUG [main][DefaultContextCache.java:290] - Spring test ApplicationContext cache statistics: [DefaultContextCache@38842861 size = 1, maxSize = 32, parentContextCount = 0, hitCount = 8, missCount = 1]
2024-08-14 18:02:36,665 DEBUG [HikariPool-1 connection adder][HikariPool.java:736] - HikariPool-1 - Connection add failed, sleeping with backoff: 250ms
2024-08-14 18:02:36,666 DEBUG [SpringContextShutdownHook][AbstractApplicationContext.java:1006] - Closing org.springframework.context.annotation.AnnotationConfigApplicationContext@e0e80390, started on Wed Aug 14 17:57:39 CST 2024, parent: org.springframework.context.annotation.AnnotationConfigApplicationContext@947bea37
2024-08-14 18:02:36,666 DEBUG [SpringContextShutdownHook][AbstractApplicationContext.java:1006] - Closing org.springframework.context.annotation.AnnotationConfigApplicationContext@e0e80390, started on Wed Aug 14 17:57:39 CST 2024, parent: org.springframework.context.annotation.AnnotationConfigApplicationContext@947bea37
2024-08-14 18:02:36,667 DEBUG [main][DefaultCacheAwareContextLoaderDelegate.java:137] - Retrieved ApplicationContext [-521665648] from cache with key [[MergedContextConfiguration@7d71bbfe testClass = CourseBaseInfoServiceTests, locations = '{}', classes = '{class com.xuecheng.ContentApplication}', contextInitializerClasses = '[]', activeProfiles = '{}', propertySourceLocations = '{}', propertySourceProperties = '{org.springframework.boot.test.context.SpringBootTestContextBootstrapper=true}', contextCustomizers = set[org.springframework.boot.test.context.filter.ExcludeFilterContextCustomizer@28560119, org.springframework.boot.test.json.DuplicateJsonObjectContextCustomizerFactory$DuplicateJsonObjectContextCustomizer@865c1b93, org.springframework.boot.test.mock.mockito.MockitoContextCustomizer@0, org.springframework.boot.test.web.client.TestRestTemplateContextCustomizer@bfeebc35, org.springframework.boot.test.autoconfigure.properties.PropertyMappingContextCustomizer@0, org.springframework.boot.test.autoconfigure.web.servlet.WebDriverContextCustomizerFactory$Customizer@9baab2e1, org.springframework.boot.test.context.SpringBootTestArgs@1, org.springframework.boot.test.context.SpringBootTestWebEnvironment@cba47b6c], contextLoader = 'org.springframework.boot.test.context.SpringBootContextLoader', parent = [null]]]
2024-08-14 18:02:36,667 DEBUG [main][DefaultCacheAwareContextLoaderDelegate.java:137] - Retrieved ApplicationContext [-521665648] from cache with key [[MergedContextConfiguration@7d71bbfe testClass = CourseBaseInfoServiceTests, locations = '{}', classes = '{class com.xuecheng.ContentApplication}', contextInitializerClasses = '[]', activeProfiles = '{}', propertySourceLocations = '{}', propertySourceProperties = '{org.springframework.boot.test.context.SpringBootTestContextBootstrapper=true}', contextCustomizers = set[org.springframework.boot.test.context.filter.ExcludeFilterContextCustomizer@28560119, org.springframework.boot.test.json.DuplicateJsonObjectContextCustomizerFactory$DuplicateJsonObjectContextCustomizer@865c1b93, org.springframework.boot.test.mock.mockito.MockitoContextCustomizer@0, org.springframework.boot.test.web.client.TestRestTemplateContextCustomizer@bfeebc35, org.springframework.boot.test.autoconfigure.properties.PropertyMappingContextCustomizer@0, org.springframework.boot.test.autoconfigure.web.servlet.WebDriverContextCustomizerFactory$Customizer@9baab2e1, org.springframework.boot.test.context.SpringBootTestArgs@1, org.springframework.boot.test.context.SpringBootTestWebEnvironment@cba47b6c], contextLoader = 'org.springframework.boot.test.context.SpringBootContextLoader', parent = [null]]]
2024-08-14 18:02:36,668 DEBUG [main][DefaultContextCache.java:290] - Spring test ApplicationContext cache statistics: [DefaultContextCache@38842861 size = 1, maxSize = 32, parentContextCount = 0, hitCount = 9, missCount = 1]
2024-08-14 18:02:36,668 DEBUG [main][DefaultContextCache.java:290] - Spring test ApplicationContext cache statistics: [DefaultContextCache@38842861 size = 1, maxSize = 32, parentContextCount = 0, hitCount = 9, missCount = 1]
2024-08-14 18:02:36,670 DEBUG [main][DefaultCacheAwareContextLoaderDelegate.java:137] - Retrieved ApplicationContext [-521665648] from cache with key [[MergedContextConfiguration@7d71bbfe testClass = CourseBaseInfoServiceTests, locations = '{}', classes = '{class com.xuecheng.ContentApplication}', contextInitializerClasses = '[]', activeProfiles = '{}', propertySourceLocations = '{}', propertySourceProperties = '{org.springframework.boot.test.context.SpringBootTestContextBootstrapper=true}', contextCustomizers = set[org.springframework.boot.test.context.filter.ExcludeFilterContextCustomizer@28560119, org.springframework.boot.test.json.DuplicateJsonObjectContextCustomizerFactory$DuplicateJsonObjectContextCustomizer@865c1b93, org.springframework.boot.test.mock.mockito.MockitoContextCustomizer@0, org.springframework.boot.test.web.client.TestRestTemplateContextCustomizer@bfeebc35, org.springframework.boot.test.autoconfigure.properties.PropertyMappingContextCustomizer@0, org.springframework.boot.test.autoconfigure.web.servlet.WebDriverContextCustomizerFactory$Customizer@9baab2e1, org.springframework.boot.test.context.SpringBootTestArgs@1, org.springframework.boot.test.context.SpringBootTestWebEnvironment@cba47b6c], contextLoader = 'org.springframework.boot.test.context.SpringBootContextLoader', parent = [null]]]
2024-08-14 18:02:36,670 DEBUG [main][DefaultCacheAwareContextLoaderDelegate.java:137] - Retrieved ApplicationContext [-521665648] from cache with key [[MergedContextConfiguration@7d71bbfe testClass = CourseBaseInfoServiceTests, locations = '{}', classes = '{class com.xuecheng.ContentApplication}', contextInitializerClasses = '[]', activeProfiles = '{}', propertySourceLocations = '{}', propertySourceProperties = '{org.springframework.boot.test.context.SpringBootTestContextBootstrapper=true}', contextCustomizers = set[org.springframework.boot.test.context.filter.ExcludeFilterContextCustomizer@28560119, org.springframework.boot.test.json.DuplicateJsonObjectContextCustomizerFactory$DuplicateJsonObjectContextCustomizer@865c1b93, org.springframework.boot.test.mock.mockito.MockitoContextCustomizer@0, org.springframework.boot.test.web.client.TestRestTemplateContextCustomizer@bfeebc35, org.springframework.boot.test.autoconfigure.properties.PropertyMappingContextCustomizer@0, org.springframework.boot.test.autoconfigure.web.servlet.WebDriverContextCustomizerFactory$Customizer@9baab2e1, org.springframework.boot.test.context.SpringBootTestArgs@1, org.springframework.boot.test.context.SpringBootTestWebEnvironment@cba47b6c], contextLoader = 'org.springframework.boot.test.context.SpringBootContextLoader', parent = [null]]]
2024-08-14 18:02:36,671 DEBUG [main][DefaultContextCache.java:290] - Spring test ApplicationContext cache statistics: [DefaultContextCache@38842861 size = 1, maxSize = 32, parentContextCount = 0, hitCount = 10, missCount = 1]
2024-08-14 18:02:36,671 DEBUG [main][DefaultContextCache.java:290] - Spring test ApplicationContext cache statistics: [DefaultContextCache@38842861 size = 1, maxSize = 32, parentContextCount = 0, hitCount = 10, missCount = 1]
2024-08-14 18:02:36,673 DEBUG [main][AbstractDirtiesContextTestExecutionListener.java:107] - After test method: context [DefaultTestContext@1c56bc9d testClass = CourseBaseInfoServiceTests, testInstance = com.xuecheng.content.CourseBaseInfoServiceTests@cb14295c, testMethod = testCourseBaseInfoService@CourseBaseInfoServiceTests, testException = [null], mergedContextConfiguration = [MergedContextConfiguration@7d71bbfe testClass = CourseBaseInfoServiceTests, locations = '{}', classes = '{class com.xuecheng.ContentApplication}', contextInitializerClasses = '[]', activeProfiles = '{}', propertySourceLocations = '{}', propertySourceProperties = '{org.springframework.boot.test.context.SpringBootTestContextBootstrapper=true}', contextCustomizers = set[org.springframework.boot.test.context.filter.ExcludeFilterContextCustomizer@28560119, org.springframework.boot.test.json.DuplicateJsonObjectContextCustomizerFactory$DuplicateJsonObjectContextCustomizer@865c1b93, org.springframework.boot.test.mock.mockito.MockitoContextCustomizer@0, org.springframework.boot.test.web.client.TestRestTemplateContextCustomizer@bfeebc35, org.springframework.boot.test.autoconfigure.properties.PropertyMappingContextCustomizer@0, org.springframework.boot.test.autoconfigure.web.servlet.WebDriverContextCustomizerFactory$Customizer@9baab2e1, org.springframework.boot.test.context.SpringBootTestArgs@1, org.springframework.boot.test.context.SpringBootTestWebEnvironment@cba47b6c], contextLoader = 'org.springframework.boot.test.context.SpringBootContextLoader', parent = [null]], attributes = map[[empty]]], class annotated with @DirtiesContext [false] with mode [null], method annotated with @DirtiesContext [false] with mode [null].
2024-08-14 18:02:36,673 DEBUG [main][AbstractDirtiesContextTestExecutionListener.java:107] - After test method: context [DefaultTestContext@1c56bc9d testClass = CourseBaseInfoServiceTests, testInstance = com.xuecheng.content.CourseBaseInfoServiceTests@cb14295c, testMethod = testCourseBaseInfoService@CourseBaseInfoServiceTests, testException = [null], mergedContextConfiguration = [MergedContextConfiguration@7d71bbfe testClass = CourseBaseInfoServiceTests, locations = '{}', classes = '{class com.xuecheng.ContentApplication}', contextInitializerClasses = '[]', activeProfiles = '{}', propertySourceLocations = '{}', propertySourceProperties = '{org.springframework.boot.test.context.SpringBootTestContextBootstrapper=true}', contextCustomizers = set[org.springframework.boot.test.context.filter.ExcludeFilterContextCustomizer@28560119, org.springframework.boot.test.json.DuplicateJsonObjectContextCustomizerFactory$DuplicateJsonObjectContextCustomizer@865c1b93, org.springframework.boot.test.mock.mockito.MockitoContextCustomizer@0, org.springframework.boot.test.web.client.TestRestTemplateContextCustomizer@bfeebc35, org.springframework.boot.test.autoconfigure.properties.PropertyMappingContextCustomizer@0, org.springframework.boot.test.autoconfigure.web.servlet.WebDriverContextCustomizerFactory$Customizer@9baab2e1, org.springframework.boot.test.context.SpringBootTestArgs@1, org.springframework.boot.test.context.SpringBootTestWebEnvironment@cba47b6c], contextLoader = 'org.springframework.boot.test.context.SpringBootContextLoader', parent = [null]], attributes = map[[empty]]], class annotated with @DirtiesContext [false] with mode [null], method annotated with @DirtiesContext [false] with mode [null].
2024-08-14 18:02:36,674 INFO [SpringContextShutdownHook][HikariDataSource.java:350] - HikariPool-1 - Shutdown initiated...
2024-08-14 18:02:36,674 INFO [SpringContextShutdownHook][HikariDataSource.java:350] - HikariPool-1 - Shutdown initiated...
2024-08-14 18:02:36,674 DEBUG [SpringContextShutdownHook][HikariPool.java:421] - HikariPool-1 - Before shutdown stats (total=9, active=0, idle=9, waiting=0)
2024-08-14 18:02:36,674 DEBUG [SpringContextShutdownHook][HikariPool.java:421] - HikariPool-1 - Before shutdown stats (total=9, active=0, idle=9, waiting=0)
2024-08-14 18:02:36,676 DEBUG [HikariPool-1 connection closer][PoolBase.java:134] - HikariPool-1 - Closing connection com.mysql.cj.jdbc.ConnectionImpl@ae77668f: (connection evicted)
2024-08-14 18:02:36,676 DEBUG [HikariPool-1 connection closer][PoolBase.java:134] - HikariPool-1 - Closing connection com.mysql.cj.jdbc.ConnectionImpl@ae77668f: (connection evicted)
2024-08-14 18:02:36,685 DEBUG [main][DefaultCacheAwareContextLoaderDelegate.java:137] - Retrieved ApplicationContext [-521665648] from cache with key [[MergedContextConfiguration@7d71bbfe testClass = CourseBaseInfoServiceTests, locations = '{}', classes = '{class com.xuecheng.ContentApplication}', contextInitializerClasses = '[]', activeProfiles = '{}', propertySourceLocations = '{}', propertySourceProperties = '{org.springframework.boot.test.context.SpringBootTestContextBootstrapper=true}', contextCustomizers = set[org.springframework.boot.test.context.filter.ExcludeFilterContextCustomizer@28560119, org.springframework.boot.test.json.DuplicateJsonObjectContextCustomizerFactory$DuplicateJsonObjectContextCustomizer@865c1b93, org.springframework.boot.test.mock.mockito.MockitoContextCustomizer@0, org.springframework.boot.test.web.client.TestRestTemplateContextCustomizer@bfeebc35, org.springframework.boot.test.autoconfigure.properties.PropertyMappingContextCustomizer@0, org.springframework.boot.test.autoconfigure.web.servlet.WebDriverContextCustomizerFactory$Customizer@9baab2e1, org.springframework.boot.test.context.SpringBootTestArgs@1, org.springframework.boot.test.context.SpringBootTestWebEnvironment@cba47b6c], contextLoader = 'org.springframework.boot.test.context.SpringBootContextLoader', parent = [null]]]
2024-08-14 18:02:36,685 DEBUG [main][DefaultCacheAwareContextLoaderDelegate.java:137] - Retrieved ApplicationContext [-521665648] from cache with key [[MergedContextConfiguration@7d71bbfe testClass = CourseBaseInfoServiceTests, locations = '{}', classes = '{class com.xuecheng.ContentApplication}', contextInitializerClasses = '[]', activeProfiles = '{}', propertySourceLocations = '{}', propertySourceProperties = '{org.springframework.boot.test.context.SpringBootTestContextBootstrapper=true}', contextCustomizers = set[org.springframework.boot.test.context.filter.ExcludeFilterContextCustomizer@28560119, org.springframework.boot.test.json.DuplicateJsonObjectContextCustomizerFactory$DuplicateJsonObjectContextCustomizer@865c1b93, org.springframework.boot.test.mock.mockito.MockitoContextCustomizer@0, org.springframework.boot.test.web.client.TestRestTemplateContextCustomizer@bfeebc35, org.springframework.boot.test.autoconfigure.properties.PropertyMappingContextCustomizer@0, org.springframework.boot.test.autoconfigure.web.servlet.WebDriverContextCustomizerFactory$Customizer@9baab2e1, org.springframework.boot.test.context.SpringBootTestArgs@1, org.springframework.boot.test.context.SpringBootTestWebEnvironment@cba47b6c], contextLoader = 'org.springframework.boot.test.context.SpringBootContextLoader', parent = [null]]]
2024-08-14 18:02:36,686 DEBUG [main][DefaultContextCache.java:290] - Spring test ApplicationContext cache statistics: [DefaultContextCache@38842861 size = 1, maxSize = 32, parentContextCount = 0, hitCount = 11, missCount = 1]
2024-08-14 18:02:36,686 DEBUG [main][DefaultContextCache.java:290] - Spring test ApplicationContext cache statistics: [DefaultContextCache@38842861 size = 1, maxSize = 32, parentContextCount = 0, hitCount = 11, missCount = 1]
2024-08-14 18:02:36,687 DEBUG [HikariPool-1 connection closer][PoolBase.java:134] - HikariPool-1 - Closing connection com.mysql.cj.jdbc.ConnectionImpl@410c9657: (connection evicted)
2024-08-14 18:02:36,687 DEBUG [HikariPool-1 connection closer][PoolBase.java:134] - HikariPool-1 - Closing connection com.mysql.cj.jdbc.ConnectionImpl@410c9657: (connection evicted)
2024-08-14 18:02:36,688 DEBUG [main][AbstractDirtiesContextTestExecutionListener.java:142] - After test class: context [DefaultTestContext@1c56bc9d testClass = CourseBaseInfoServiceTests, testInstance = [null], testMethod = [null], testException = [null], mergedContextConfiguration = [MergedContextConfiguration@7d71bbfe testClass = CourseBaseInfoServiceTests, locations = '{}', classes = '{class com.xuecheng.ContentApplication}', contextInitializerClasses = '[]', activeProfiles = '{}', propertySourceLocations = '{}', propertySourceProperties = '{org.springframework.boot.test.context.SpringBootTestContextBootstrapper=true}', contextCustomizers = set[org.springframework.boot.test.context.filter.ExcludeFilterContextCustomizer@28560119, org.springframework.boot.test.json.DuplicateJsonObjectContextCustomizerFactory$DuplicateJsonObjectContextCustomizer@865c1b93, org.springframework.boot.test.mock.mockito.MockitoContextCustomizer@0, org.springframework.boot.test.web.client.TestRestTemplateContextCustomizer@bfeebc35, org.springframework.boot.test.autoconfigure.properties.PropertyMappingContextCustomizer@0, org.springframework.boot.test.autoconfigure.web.servlet.WebDriverContextCustomizerFactory$Customizer@9baab2e1, org.springframework.boot.test.context.SpringBootTestArgs@1, org.springframework.boot.test.context.SpringBootTestWebEnvironment@cba47b6c], contextLoader = 'org.springframework.boot.test.context.SpringBootContextLoader', parent = [null]], attributes = map[[empty]]], class annotated with @DirtiesContext [false] with mode [null].
2024-08-14 18:02:36,688 DEBUG [main][AbstractDirtiesContextTestExecutionListener.java:142] - After test class: context [DefaultTestContext@1c56bc9d testClass = CourseBaseInfoServiceTests, testInstance = [null], testMethod = [null], testException = [null], mergedContextConfiguration = [MergedContextConfiguration@7d71bbfe testClass = CourseBaseInfoServiceTests, locations = '{}', classes = '{class com.xuecheng.ContentApplication}', contextInitializerClasses = '[]', activeProfiles = '{}', propertySourceLocations = '{}', propertySourceProperties = '{org.springframework.boot.test.context.SpringBootTestContextBootstrapper=true}', contextCustomizers = set[org.springframework.boot.test.context.filter.ExcludeFilterContextCustomizer@28560119, org.springframework.boot.test.json.DuplicateJsonObjectContextCustomizerFactory$DuplicateJsonObjectContextCustomizer@865c1b93, org.springframework.boot.test.mock.mockito.MockitoContextCustomizer@0, org.springframework.boot.test.web.client.TestRestTemplateContextCustomizer@bfeebc35, org.springframework.boot.test.autoconfigure.properties.PropertyMappingContextCustomizer@0, org.springframework.boot.test.autoconfigure.web.servlet.WebDriverContextCustomizerFactory$Customizer@9baab2e1, org.springframework.boot.test.context.SpringBootTestArgs@1, org.springframework.boot.test.context.SpringBootTestWebEnvironment@cba47b6c], contextLoader = 'org.springframework.boot.test.context.SpringBootContextLoader', parent = [null]], attributes = map[[empty]]], class annotated with @DirtiesContext [false] with mode [null].
2024-08-14 18:02:36,688 DEBUG [HikariPool-1 connection closer][PoolBase.java:134] - HikariPool-1 - Closing connection com.mysql.cj.jdbc.ConnectionImpl@57383d76: (connection evicted)
2024-08-14 18:02:36,688 DEBUG [HikariPool-1 connection closer][PoolBase.java:134] - HikariPool-1 - Closing connection com.mysql.cj.jdbc.ConnectionImpl@57383d76: (connection evicted)
2024-08-14 18:02:36,690 DEBUG [HikariPool-1 connection closer][PoolBase.java:134] - HikariPool-1 - Closing connection com.mysql.cj.jdbc.ConnectionImpl@a3722d34: (connection evicted)
2024-08-14 18:02:36,690 DEBUG [HikariPool-1 connection closer][PoolBase.java:134] - HikariPool-1 - Closing connection com.mysql.cj.jdbc.ConnectionImpl@a3722d34: (connection evicted)
2024-08-14 18:02:36,691 DEBUG [HikariPool-1 connection closer][PoolBase.java:134] - HikariPool-1 - Closing connection com.mysql.cj.jdbc.ConnectionImpl@8400860: (connection evicted)
2024-08-14 18:02:36,691 DEBUG [HikariPool-1 connection closer][PoolBase.java:134] - HikariPool-1 - Closing connection com.mysql.cj.jdbc.ConnectionImpl@8400860: (connection evicted)
2024-08-14 18:02:36,692 DEBUG [HikariPool-1 connection closer][PoolBase.java:134] - HikariPool-1 - Closing connection com.mysql.cj.jdbc.ConnectionImpl@6e031614: (connection evicted)
2024-08-14 18:02:36,692 DEBUG [HikariPool-1 connection closer][PoolBase.java:134] - HikariPool-1 - Closing connection com.mysql.cj.jdbc.ConnectionImpl@6e031614: (connection evicted)
2024-08-14 18:02:36,693 DEBUG [HikariPool-1 connection closer][PoolBase.java:134] - HikariPool-1 - Closing connection com.mysql.cj.jdbc.ConnectionImpl@c2f132a8: (connection evicted)
2024-08-14 18:02:36,693 DEBUG [HikariPool-1 connection closer][PoolBase.java:134] - HikariPool-1 - Closing connection com.mysql.cj.jdbc.ConnectionImpl@c2f132a8: (connection evicted)
2024-08-14 18:02:36,693 DEBUG [HikariPool-1 connection closer][PoolBase.java:134] - HikariPool-1 - Closing connection com.mysql.cj.jdbc.ConnectionImpl@462ba017: (connection evicted)
2024-08-14 18:02:36,693 DEBUG [HikariPool-1 connection closer][PoolBase.java:134] - HikariPool-1 - Closing connection com.mysql.cj.jdbc.ConnectionImpl@462ba017: (connection evicted)
2024-08-14 18:02:36,694 DEBUG [HikariPool-1 connection closer][PoolBase.java:134] - HikariPool-1 - Closing connection com.mysql.cj.jdbc.ConnectionImpl@8e05ef8c: (connection evicted)
2024-08-14 18:02:36,694 DEBUG [HikariPool-1 connection closer][PoolBase.java:134] - HikariPool-1 - Closing connection com.mysql.cj.jdbc.ConnectionImpl@8e05ef8c: (connection evicted)
2024-08-14 18:02:36,922 DEBUG [SpringContextShutdownHook][HikariPool.java:421] - HikariPool-1 - After shutdown stats (total=0, active=0, idle=0, waiting=0)
2024-08-14 18:02:36,922 DEBUG [SpringContextShutdownHook][HikariPool.java:421] - HikariPool-1 - After shutdown stats (total=0, active=0, idle=0, waiting=0)
2024-08-14 18:02:36,923 INFO [SpringContextShutdownHook][HikariDataSource.java:352] - HikariPool-1 - Shutdown completed.
2024-08-14 18:02:36,923 INFO [SpringContextShutdownHook][HikariDataSource.java:352] - HikariPool-1 - Shutdown completed.
