2024-08-17 18:10:21,399 ERROR [main][LoggingFailureAnalysisReporter.java:40] - 

***************************
APPLICATION FAILED TO START
***************************

Description:

Field teachplanService in com.xuecheng.content.api.TeachplanController required a bean of type 'com.xuecheng.content.service.TeachplanService' that could not be found.

The injection point has the following annotations:
	- @org.springframework.beans.factory.annotation.Autowired(required=true)


Action:

Consider defining a bean of type 'com.xuecheng.content.service.TeachplanService' in your configuration.

2024-08-17 18:14:25,935 ERROR [main][LoggingFailureAnalysisReporter.java:40] - 

***************************
APPLICATION FAILED TO START
***************************

Description:

Field teachplanService in com.xuecheng.content.api.TeachplanController required a bean of type 'com.xuecheng.content.service.TeachplanService' that could not be found.

The injection point has the following annotations:
	- @org.springframework.beans.factory.annotation.Autowired(required=true)


Action:

Consider defining a bean of type 'com.xuecheng.content.service.TeachplanService' in your configuration.

2024-08-17 18:15:24,149 ERROR [main][LoggingFailureAnalysisReporter.java:40] - 

***************************
APPLICATION FAILED TO START
***************************

Description:

Field teachplanService in com.xuecheng.content.api.TeachplanController required a bean of type 'com.xuecheng.content.service.TeachplanService' that could not be found.

The injection point has the following annotations:
	- @org.springframework.beans.factory.annotation.Autowired(required=true)


Action:

Consider defining a bean of type 'com.xuecheng.content.service.TeachplanService' in your configuration.

